# JRE version: Java(TM) SE Runtime Environment (8.0_112-b15) (build 1.8.0_112-b15)
# Java VM: Java HotSpot(TM) 64-Bit Server VM (25.112-b15 mixed mode linux-amd64 compressed oops)
Heap:
 PSYoungGen      total 985600K, used 34359K [0x000000076ab00000, 0x00000007bbb00000, 0x00000007c0000000)
  eden space 644096K, 0% used [0x000000076ab00000,0x000000076ab00000,0x0000000792000000)
  from space 341504K, 10% used [0x0000000792000000,0x000000079418ddc8,0x00000007a6d80000)
  to   space 331776K, 0% used [0x00000007a7700000,0x00000007a7700000,0x00000007bbb00000)
 ParOldGen       total 1646080K, used 524987K [0x00000006c0000000, 0x0000000724780000, 0x000000076ab00000)
  object space 1646080K, 31% used [0x00000006c0000000,0x00000006e00aee90,0x0000000724780000)
 Metaspace       used 95047K, capacity 101091K, committed 101416K, reserved 1138688K
  class space    used 10542K, capacity 12228K, committed 12336K, reserved 1048576K
GC Heap History (10 events):
Event: 7403,237 GC heap after
Heap after GC invocations=110 (full 5):
 PSYoungGen      total 908288K, used 125521K [0x000000076ab00000, 0x00000007bb200000, 0x00000007c0000000)
  eden space 489472K, 0% used [0x000000076ab00000,0x000000076ab00000,0x0000000788900000)
  from space 418816K, 29% used [0x0000000788900000,0x0000000790394778,0x00000007a2200000)
  to   space 390656K, 0% used [0x00000007a3480000,0x00000007a3480000,0x00000007bb200000)
 ParOldGen       total 1530880K, used 1142288K [0x00000006c0000000, 0x000000071d700000, 0x000000076ab00000)
  object space 1530880K, 74% used [0x00000006c0000000,0x0000000705b841a8,0x000000071d700000)
 Metaspace       used 95039K, capacity 101027K, committed 101416K, reserved 1138688K
  class space    used 10542K, capacity 12228K, committed 12336K, reserved 1048576K
}
Event: 7407,946 GC heap before
{Heap before GC invocations=111 (full 5):
 PSYoungGen      total 908288K, used 614993K [0x000000076ab00000, 0x00000007bb200000, 0x00000007c0000000)
  eden space 489472K, 100% used [0x000000076ab00000,0x0000000788900000,0x0000000788900000)
  from space 418816K, 29% used [0x0000000788900000,0x0000000790394778,0x00000007a2200000)
  to   space 390656K, 0% used [0x00000007a3480000,0x00000007a3480000,0x00000007bb200000)
 ParOldGen       total 1530880K, used 1142288K [0x00000006c0000000, 0x000000071d700000, 0x000000076ab00000)
  object space 1530880K, 74% used [0x00000006c0000000,0x0000000705b841a8,0x000000071d700000)
 Metaspace       used 95044K, capacity 101091K, committed 101416K, reserved 1138688K
  class space    used 10542K, capacity 12228K, committed 12336K, reserved 1048576K
Event: 7408,547 GC heap after
Heap after GC invocations=111 (full 5):
 PSYoungGen      total 916992K, used 125481K [0x000000076ab00000, 0x00000007b9480000, 0x00000007c0000000)
  eden space 556544K, 0% used [0x000000076ab00000,0x000000076ab00000,0x000000078ca80000)
  from space 360448K, 34% used [0x00000007a3480000,0x00000007aaf0a470,0x00000007b9480000)
  to   space 365568K, 0% used [0x000000078ca80000,0x000000078ca80000,0x00000007a2f80000)
 ParOldGen       total 1530880K, used 1225946K [0x00000006c0000000, 0x000000071d700000, 0x000000076ab00000)
  object space 1530880K, 80% used [0x00000006c0000000,0x000000070ad36b90,0x000000071d700000)
 Metaspace       used 95044K, capacity 101091K, committed 101416K, reserved 1138688K
  class space    used 10542K, capacity 12228K, committed 12336K, reserved 1048576K
}
Event: 7420,810 GC heap before
{Heap before GC invocations=112 (full 5):
 PSYoungGen      total 916992K, used 682025K [0x000000076ab00000, 0x00000007b9480000, 0x00000007c0000000)
  eden space 556544K, 100% used [0x000000076ab00000,0x000000078ca80000,0x000000078ca80000)
  from space 360448K, 34% used [0x00000007a3480000,0x00000007aaf0a470,0x00000007b9480000)
  to   space 365568K, 0% used [0x000000078ca80000,0x000000078ca80000,0x00000007a2f80000)
 ParOldGen       total 1530880K, used 1225946K [0x00000006c0000000, 0x000000071d700000, 0x000000076ab00000)
  object space 1530880K, 80% used [0x00000006c0000000,0x000000070ad36b90,0x000000071d700000)
 Metaspace       used 95045K, capacity 101091K, committed 101416K, reserved 1138688K
  class space    used 10542K, capacity 12228K, committed 12336K, reserved 1048576K
Event: 7426,180 GC heap after
Heap after GC invocations=112 (full 5):
 PSYoungGen      total 922112K, used 93966K [0x000000076ab00000, 0x00000007bca80000, 0x00000007c0000000)
  eden space 556544K, 0% used [0x000000076ab00000,0x000000076ab00000,0x000000078ca80000)
  from space 365568K, 25% used [0x000000078ca80000,0x0000000792643ae0,0x00000007a2f80000)
  to   space 347648K, 0% used [0x00000007a7700000,0x00000007a7700000,0x00000007bca80000)
 ParOldGen       total 1530880K, used 1339005K [0x00000006c0000000, 0x000000071d700000, 0x000000076ab00000)
  object space 1530880K, 87% used [0x00000006c0000000,0x0000000711b9f500,0x000000071d700000)
 Metaspace       used 95045K, capacity 101091K, committed 101416K, reserved 1138688K
  class space    used 10542K, capacity 12228K, committed 12336K, reserved 1048576K
}
Event: 7444,176 GC heap before
{Heap before GC invocations=113 (full 5):
 PSYoungGen      total 922112K, used 650510K [0x000000076ab00000, 0x00000007bca80000, 0x00000007c0000000)
  eden space 556544K, 100% used [0x000000076ab00000,0x000000078ca80000,0x000000078ca80000)
  from space 365568K, 25% used [0x000000078ca80000,0x0000000792643ae0,0x00000007a2f80000)
  to   space 347648K, 0% used [0x00000007a7700000,0x00000007a7700000,0x00000007bca80000)
 ParOldGen       total 1530880K, used 1339005K [0x00000006c0000000, 0x000000071d700000, 0x000000076ab00000)
  object space 1530880K, 87% used [0x00000006c0000000,0x0000000711b9f500,0x000000071d700000)
 Metaspace       used 95045K, capacity 101091K, committed 101416K, reserved 1138688K
  class space    used 10542K, capacity 12228K, committed 12336K, reserved 1048576K
Event: 7444,773 GC heap after
Heap after GC invocations=113 (full 5):
 PSYoungGen      total 975872K, used 31371K [0x000000076ab00000, 0x00000007bbb00000, 0x00000007c0000000)
  eden space 644096K, 0% used [0x000000076ab00000,0x000000076ab00000,0x0000000792000000)
  from space 331776K, 9% used [0x00000007a7700000,0x00000007a95a2f68,0x00000007bbb00000)
  to   space 341504K, 0% used [0x0000000792000000,0x0000000792000000,0x00000007a6d80000)
 ParOldGen       total 1530880K, used 1432227K [0x00000006c0000000, 0x000000071d700000, 0x000000076ab00000)
  object space 1530880K, 93% used [0x00000006c0000000,0x00000007176a8c88,0x000000071d700000)
 Metaspace       used 95045K, capacity 101091K, committed 101416K, reserved 1138688K
  class space    used 10542K, capacity 12228K, committed 12336K, reserved 1048576K
}
Event: 7444,775 GC heap before
{Heap before GC invocations=114 (full 6):
 PSYoungGen      total 975872K, used 31371K [0x000000076ab00000, 0x00000007bbb00000, 0x00000007c0000000)
  eden space 644096K, 0% used [0x000000076ab00000,0x000000076ab00000,0x0000000792000000)
  from space 331776K, 9% used [0x00000007a7700000,0x00000007a95a2f68,0x00000007bbb00000)
  to   space 341504K, 0% used [0x0000000792000000,0x0000000792000000,0x00000007a6d80000)
 ParOldGen       total 1530880K, used 1432227K [0x00000006c0000000, 0x000000071d700000, 0x000000076ab00000)
  object space 1530880K, 93% used [0x00000006c0000000,0x00000007176a8c88,0x000000071d700000)
 Metaspace       used 95045K, capacity 101091K, committed 101416K, reserved 1138688K
  class space    used 10542K, capacity 12228K, committed 12336K, reserved 1048576K
Event: 7459,856 GC heap after
Heap after GC invocations=114 (full 6):
 PSYoungGen      total 975872K, used 0K [0x000000076ab00000, 0x00000007bbb00000, 0x00000007c0000000)
  eden space 644096K, 0% used [0x000000076ab00000,0x000000076ab00000,0x0000000792000000)
  from space 331776K, 0% used [0x00000007a7700000,0x00000007a7700000,0x00000007bbb00000)
  to   space 341504K, 0% used [0x0000000792000000,0x0000000792000000,0x00000007a6d80000)
 ParOldGen       total 1646080K, used 524987K [0x00000006c0000000, 0x0000000724780000, 0x000000076ab00000)
  object space 1646080K, 31% used [0x00000006c0000000,0x00000006e00aee90,0x0000000724780000)
 Metaspace       used 95045K, capacity 101091K, committed 101416K, reserved 1138688K
  class space    used 10542K, capacity 12228K, committed 12336K, reserved 1048576K
}
Event: 7559,140 GC heap before
{Heap before GC invocations=115 (full 6):
 PSYoungGen      total 975872K, used 644096K [0x000000076ab00000, 0x00000007bbb00000, 0x00000007c0000000)
  eden space 644096K, 100% used [0x000000076ab00000,0x0000000792000000,0x0000000792000000)
  from space 331776K, 0% used [0x00000007a7700000,0x00000007a7700000,0x00000007bbb00000)
  to   space 341504K, 0% used [0x0000000792000000,0x0000000792000000,0x00000007a6d80000)
 ParOldGen       total 1646080K, used 524987K [0x00000006c0000000, 0x0000000724780000, 0x000000076ab00000)
  object space 1646080K, 31% used [0x00000006c0000000,0x00000006e00aee90,0x0000000724780000)
 Metaspace       used 95047K, capacity 101091K, committed 101416K, reserved 1138688K
  class space    used 10542K, capacity 12228K, committed 12336K, reserved 1048576K

